Info_2024/4/19 10:18:23: By AlanDu Time:2024/4/19 10:18:23
Info_2024/4/19 10:18:23: Version 0.1
Info_2024/4/19 10:18:23: Function Protobuf Resolver
Info_2024/4/19 10:18:23: protoDirPath：D:\git\GameFrameworkBase\LubanTools\Proto\pb_message
Info_2024/4/19 10:18:23: ProtoOutputPath：../../Assets/Deer/Scripts/HotFix/HotFixCommon/Definition/Constant
Info_2024/4/19 10:18:23: 输出日志：：：1-0
Warn_2024/4/19 10:18:23: 当前有重复mainRoute:1 subRoute0
Info_2024/4/19 10:18:23: 输出日志：：：1-0
Info_2024/4/19 10:18:23: 输出日志：：：1-1
Warn_2024/4/19 10:18:23: 当前有重复mainRoute:1 subRoute1
Info_2024/4/19 10:18:23: 输出日志：：：1-1
Warn_2024/4/19 10:18:23: 当前有重复mainRoute:1 subRoute1
Info_2024/4/19 10:18:23: 输出日志：：：1-1
Info_2024/4/19 10:18:23: 输出日志：：：1-2
Info_2024/4/19 10:18:23: 输出日志：：：1-3
Warn_2024/4/19 10:18:23: 当前有重复mainRoute:1 subRoute3
Info_2024/4/19 10:18:23: 输出日志：：：1-3
Info_2024/4/19 10:18:23: 输出日志：：：1-4
Info_2024/4/19 10:18:23: 输出日志：：：1-5
Info_2024/4/19 10:18:23: 输出日志：：：1-6
